http://www.nankai.edu.cn
http://english.nankai.edu.cn
http://www.nankai.edu.cn/
http://xxgk.nankai.edu.cn/
http://nkuaa.nankai.edu.cn
http://news.nankai.edu.cn/xwzt/system/2014/03/06/000168359.shtml
http://news.nankai.edu.cn/
http://news.nankai.edu.cn/xfjs/system/2012/03/21/000059855.shtml
http://rsc.nankai.edu.cn/index.php?m=content&c=index&a=lists&catid=28
http://rsc.nankai.edu.cn/index.php?m=content&c=index&a=lists&catid=35
http://rsc.nankai.edu.cn/
http://edp.nankai.edu.cn/
http://istudy.nankai.edu.cn/
http://graduate.nankai.edu.cn
http://jwc.nankai.edu.cn/
http://ptrk.less.nankai.edu.cn/
 	http://ssrm.nankai.edu.cn/research.html
http://std.nankai.edu.cn/889/list.htm
http://ssrm.nankai.edu.cn/
http://std.nankai.edu.cn/
http://hyxy.nankai.edu.cn/
http://international.nankai.edu.cn/
http://career.nankai.edu.cn
http://istudy.nankai.edu.cn
http://study.nankai.edu.cn
http://yzb.nankai.edu.cn
http://zsb.nankai.edu.cn/
http://www.lib.nankai.edu.cn
http://hqbzb.nankai.edu.cn/
http://xxb.nankai.edu.cn
http://nkjd.nankai.edu.cn/
http://zbb.nankai.edu.cn
http://news.nankai.edu.cn
http://news.nankai.edu.cn/nkyw/system/2017/01/07/000314334.shtml
http://news.nankai.edu.cn/nkyw/system/2017/01/07/000314314.shtml
http://news.nankai.edu.cn/nkyw/system/2017/01/06/000314198.shtml
http://news.nankai.edu.cn/nkyw/system/2017/01/06/000314234.shtml
http://news.nankai.edu.cn/nkyw/system/2017/01/05/000314155.shtml
http://news.nankai.edu.cn/nkyw/system/2017/01/05/000314154.shtml
http://news.nankai.edu.cn/nkyw/system/2017/01/05/000314134.shtml
http://news.nankai.edu.cn/nkyw/system/2017/01/05/000314094.shtml
http://news.nankai.edu.cn/nkyw/system/2017/01/05/000314076.shtml
http://news.nankai.edu.cn/nkyw/system/2017/01/05/000314014.shtml
http://news.nankai.edu.cn/xwzt/system/2016/10/13/000299055.shtml
http://news.nankai.edu.cn/video/0/00/24/23/242324_924048.mp4
http://news.nankai.edu.cn/video/0/00/24/15/241524_072348.mp4
http://news.nankai.edu.cn/mtnk/index.shtml
http://news.nankai.edu.cn/mtnk/system/2017/01/07/000314394.shtml
http://news.nankai.edu.cn/mtnk/system/2017/01/07/000314375.shtml
http://news.nankai.edu.cn/mtnk/system/2017/01/07/000314355.shtml
http://news.nankai.edu.cn/mtnk/system/2017/01/07/000314376.shtml
http://news.nankai.edu.cn/mtnk/system/2017/01/07/000314374.shtml
http://xb.nankai.edu.cn
http://xzxx.nankai.edu.cn
http://urp.nankai.edu.cn
http://nkxxq.nankai.edu.cn
http://nkuef.nankai.edu.cn
http://xb.nankai.edu.cn/
http://xzxx.nankai.edu.cn/
http://urp.nankai.edu.cn/
http://nkuaa.nankai.edu.cn/
http://nkxxq.nankai.edu.cn/
http://nkuef.nankai.edu.cn/
http://vpn.nankai.edu.cn
http://zbb.nankai.edu.cn/
http://binhai.nankai.edu.cn/
http://ndfx.nankai.edu.cn/
http://theory.nankai.edu.cn/index.action;jsessionid=8B4EF86C3D89FA77F7FFEC75FCC694E1
http://jw.nankai.edu.cn/
http://xs.nankai.edu.cn/
http://jz.nankai.edu.cn/
http://bbs.nankai.edu.cn
http://keji.nankai.edu.cn/business/login.jsp
http://techshow.nankai.edu.cn
http://kexie.nankai.edu.cn
http://std.nankai.edu.cn/1023/list.htm
http://std.nankai.edu.cn/1033/list.htm
http://std.nankai.edu.cn/1035/list.htm
http://std.nankai.edu.cn/1038/list.htm
http://apec.nankai.edu.cn/zh/
http://jsfz.nankai.edu.cn/
http://fzw.nankai.edu.cn/fz.htm
http://jwc.nankai.edu.cn/jxfx_5363/list.htm
http://jwc.nankai.edu.cn/a4/99/c5098a42137/page.htm
http://xxb.nankai.edu.cn/main.htm
http://ca.nankai.edu.cn
http://bt.nankai.edu.cn
http://12club.nankai.edu.cn
http://tv.nankai.edu.cn
http://music.nankai.edu.cn
http://movie.nankai.edu.cn
http://soft.nankai.edu.cn
http://netservice.nankai.edu.cn/
http://ecard.nankai.edu.cn
http://xxb.nankai.edu.cn/2016/0513/c698a41786/page.htm
http://mail.nankai.edu.cn
http://nankai.edu.cn
http://safety.nankai.edu.cn
http://jgs.graduate.nankai.edu.cn
http://graduate.nankai.edu.cn/byjj/list.htm
http://yzb.nankai.edu.cn/2556/list.htm
http://yzb.nankai.edu.cn/2555/list.htm
http://jgs.graduate.nankai.edu.cn/
http://graduate.nankai.edu.cn/zdxk/list.htm
http://graduate.nankai.edu.cn/3323/list.htm
http://graduate.nankai.edu.cn/118/list.htm
http://ygb.nankai.edu.cn
http://graduate.nankai.edu.cn/english/
http://graduate.nankai.edu.cn/xjgl/list.htm
http://graduate.nankai.edu.cn/43/b9/c114a17337/page.htm
http://graduate.nankai.edu.cn/104/list.htm
http://graduate.nankai.edu.cn/42/38/c3325a16952/page.htm
http://graduate.nankai.edu.cn/rcglgd/list.htm
http://news.nankai.edu.cn/nkyw/system/2016/10/25/000301241.shtml
http://zzfw.nankai.edu.cn/zzfw/login_admin.jsp
http://ygb.nankai.edu.cn/
http://www.nankai.edu.cn/_t13/213/list.htm
http://theory.nankai.edu.cn/
http://news.nankai.edu.cn/xs/
http://bbs.nankai.edu.cn/
http://news.nankai.edu.cn/xwzt/
http://weekly.nankai.edu.cn/
http://news.nankai.edu.cn/xwzt/system/2010/03/07/000028950.shtml
http://news.nankai.edu.cn/xwzt/system/2016/10/24/000300994.shtml
http://news.nankai.edu.cn/xwzt/system/2016/09/13/000295914.shtml
http://news.nankai.edu.cn/nkyw/index.shtml
http://news.nankai.edu.cn/nkyw/system/2016/12/31/000313454.shtml
http://news.nankai.edu.cn/nkyw/system/2016/12/31/000313394.shtml
http://news.nankai.edu.cn/qqxy/system/2016/12/31/000313435.shtml
http://news.nankai.edu.cn/zhxw/system/2016/12/31/000313414.shtml
http://news.nankai.edu.cn/zhxw/system/2016/12/31/000313417.shtml
http://news.nankai.edu.cn/qqxy/system/2016/12/31/000313436.shtml
http://news.nankai.edu.cn/zhxw/system/2016/12/31/000313415.shtml
http://news.nankai.edu.cn/zhxw/system/2016/12/31/000313416.shtml
http://news.nankai.edu.cn/zhxw/system/2016/12/31/000313437.shtml
http://news.nankai.edu.cn/mtnk/system/2016/12/31/000313474.shtml
http://old.nankai.edu.cn/english/
http://nkuaa.nankai.edu.cn/nkuaa/ 
http://news.nankai.edu.cn/xfjs/system/2014/05/20/000182638.shtml
http://news.nankai.edu.cn/xfjs/system/2014/05/20/000182637.shtml
http://news.nankai.edu.cn/xfjs/system/2014/05/20/000182636.shtml
http://news.nankai.edu.cn/xfjs/system/2013/05/29/000128014.shtml
http://news.nankai.edu.cn/xfjs/system/2014/05/20/000182639.shtml
http://news.nankai.edu.cn/xfjs/system/2014/05/20/000182615.shtml
http://news.nankai.edu.cn/xfjs/system/2014/05/20/000182634.shtml
http://news.nankai.edu.cn/xfjs/system/2014/05/20/000182635.shtml
http://ygb.nankai.edu.cn/xfjs/index.html
http://news.nankai.edu.cn/xfjs/system/2012/03/21/000059815.shtml
http://news.nankai.edu.cn/xfjs/system/2012/03/21/000059837.shtml
http://news.nankai.edu.cn/xfjs/system/2012/03/21/000059614.shtml
http://news.nankai.edu.cn/xfjs/system/2012/03/21/000059734.shtml
http://news.nankai.edu.cn/xfjs/system/2012/03/21/000059735.shtml
http://news.nankai.edu.cn/xfjs/system/2014/05/22/000183314.shtml
http://news.nankai.edu.cn/xfjs/system/2014/05/22/000183315.shtml
http://news.nankai.edu.cn/xfjs/system/2012/03/21/000059794.shtml
http://news.nankai.edu.cn/xfjs/system/2012/03/21/000059835.shtml
http://www.lib.nankai.edu.cn/english/index.htm
http://www2.lib.nankai.edu.cn/nav/index.asp
http://www2.lib.nankai.edu.cn/nav/Foreign/index.asp
http://www2.lib.nankai.edu.cn/nav/Chinese/show/data_query.asp?kind=8
http://vpn.nankai.edu.cn/
http://www.lib.nankai.edu.cn/zycz/sjkhd
http://www.lib.nankai.edu.cn/ickj/sygz
http://www2.lib.nankai.edu.cn/nav/Chinese/show/data_query2.asp?kind=9
http://www.lib.nankai.edu.cn/other/JCR
http://www2.lib.nankai.edu.cn/nav/Chinese/show/data_query.asp?kind=9
http://www2.lib.nankai.edu.cn/wjzx/
http://www.mathlib.nankai.edu.cn
http://www2.lib.nankai.edu.cn/reader/Frame-reader.htm
http://www2.lib.nankai.edu.cn/tjtgw/index.html
http://old.lib.nankai.edu.cn
http://international.nankai.edu.cn/Welcome.aspx
http://wxy.nankai.edu.cn/
http://en.nankai.edu.cn
http://www.nankai.edu.cn/_t13/248/list.htm
http://hqb.nankai.edu.cn/nk360/
http://news.nankai.edu.cn/zttj/system/2016/11/03/000302735.shtml
http://news.nankai.edu.cn/nkyw/system/2016/12/11/000310374.shtml
http://news.nankai.edu.cn/nkyw/system/2016/12/14/000310835.shtml
http://news.nankai.edu.cn/nkyw/system/2017/01/05/000314075.shtml
http://news.nankai.edu.cn/zttj/system/2016/11/10/000304282.shtml
http://news.nankai.edu.cn/nkyw/system/2017/01/06/000314254.shtml
http://news.nankai.edu.cn/nkyw/system/2017/01/05/000314156.shtml
http://news.nankai.edu.cn/zhxw/index.shtml
http://news.nankai.edu.cn/zhxw/system/2016/12/19/000311699.shtml
http://news.nankai.edu.cn/zhxw/system/2017/01/07/000314377.shtml
http://news.nankai.edu.cn/zhxw/system/2017/01/06/000314203.shtml
http://news.nankai.edu.cn/zhxw/system/2017/01/05/000314078.shtml
http://news.nankai.edu.cn/zhxw/system/2017/01/05/000314077.shtml
http://news.nankai.edu.cn/zhxw/system/2017/01/05/000314074.shtml
http://news.nankai.edu.cn/zhxw/system/2017/01/04/000313914.shtml
http://news.nankai.edu.cn/qqxy/index.shtml
http://news.nankai.edu.cn/qqxy/system/2016/11/24/000307634.shtml
http://news.nankai.edu.cn/qqxy/system/2017/01/05/000314115.shtml
http://news.nankai.edu.cn/qqxy/system/2017/01/05/000314080.shtml
http://news.nankai.edu.cn/qqxy/system/2017/01/02/000313614.shtml
http://news.nankai.edu.cn/qqxy/system/2016/12/30/000313375.shtml
http://news.nankai.edu.cn/xwzt/system/2016/12/08/000309797.shtml
http://news.nankai.edu.cn/xwzt/system/2016/11/11/000304656.shtml
http://news.nankai.edu.cn/nkzs/index.shtml
http://news.nankai.edu.cn/nkpl/index.shtml
http://news.nankai.edu.cn/nkzs/system/2017/01/03/000313694.shtml
http://news.nankai.edu.cn/nkzs/system/2017/01/03/000313675.shtml
http://news.nankai.edu.cn/nkzs/system/2017/01/03/000313678.shtml
http://news.nankai.edu.cn/nkzs/system/2016/12/21/000311954.shtml
http://news.nankai.edu.cn/nkzs/system/2017/01/03/000313674.shtml
http://news.nankai.edu.cn/nkpl/system/2016/03/29/000276016.shtml
http://news.nankai.edu.cn/nkpl/system/2016/03/10/000271975.shtml
http://news.nankai.edu.cn/nkpl/system/2015/11/04/000254075.shtml
http://news.nankai.edu.cn/nkpl/system/2015/10/02/000250435.shtml
http://news.nankai.edu.cn/nkpl/system/2015/04/17/000229025.shtml
http://news.nankai.edu.cn/nkrw/index.shtml
http://news.nankai.edu.cn/nkgs/index.shtml
http://news.nankai.edu.cn/zhxw/system/2016/11/14/000305234.shtml
http://news.nankai.edu.cn/nkrw/system/2016/10/06/000298276.shtml
http://news.nankai.edu.cn/nkrw/system/2016/09/29/000297797.shtml
http://news.nankai.edu.cn/mtnk/system/2016/09/24/000297156.shtml
http://news.nankai.edu.cn/mtnk/system/2016/09/24/000297155.shtml
http://news.nankai.edu.cn/nkgs/system/2017/01/06/000314174.shtml
http://news.nankai.edu.cn/nkgs/system/2016/12/28/000312935.shtml
http://news.nankai.edu.cn/nkgs/system/2016/12/28/000312916.shtml
http://news.nankai.edu.cn/nkgs/system/2016/12/27/000312815.shtml
http://news.nankai.edu.cn/nkgs/system/2016/12/27/000312857.shtml
http://news.nankai.edu.cn/nkdxb/system/2017/01/06/000314294.shtml
http://news.nankai.edu.cn/nkdxb/system/2016/12/30/000313254.shtml
http://news.nankai.edu.cn/nkdxb/system/2016/12/23/000312414.shtml
http://news.nankai.edu.cn/nkdxb/system/2016/12/16/000311294.shtml
http://news.nankai.edu.cn/tpxw/index.shtml
http://news.nankai.edu.cn/nkyw/system/2016/02/23/000269114.shtml
http://news.nankai.edu.cn/nkyw/system/2016/12/26/000312654.shtml
http://news.nankai.edu.cn/zhxw/system/2016/12/12/000310458.shtml
http://news.nankai.edu.cn/tpxw/system/2016/11/19/000306494.shtml
http://news.nankai.edu.cn/nkgb/index.shtml
http://news.nankai.edu.cn/nkgb/system/2015/04/18/000229155.shtml
http://news.nankai.edu.cn/nkgb/system/2016/12/21/000311977.shtml
http://news.nankai.edu.cn/nkgb/system/2016/12/20/000311901.shtml
http://news.nankai.edu.cn/nkgb/system/2016/12/21/000311978.shtml
http://news.nankai.edu.cn/spxw/index.htm
http://news.nankai.edu.cn/spxw/system/2014/04/23/000178134.shtml
http://news.nankai.edu.cn/spxw/system/2017/01/06/000314274.shtml
http://news.nankai.edu.cn/spxw/system/2016/12/30/000313354.shtml
http://news.nankai.edu.cn/spxw/system/2016/12/27/000312874.shtml
http://news.nankai.edu.cn/xxyg/
http://news.nankai.edu.cn/nkyw/system/2013/12/25/000161214.shtml
http://inankai.nankai.edu.cn/
http://news.nankai.edu.cn/zhxw/system/2012/04/01/000061419.shtml
http://news.nankai.edu.cn/xwzt/system/2013/05/10/000124275.shtml
http://www.nankai.edu.cn/page/main27/images/74567_269071.jpg
http://jpkc.nankai.edu.cn/Jpkc/
http://xxgk.nankai.edu.cn
http://nkuef.nankai.edu.cn

http://xy.nankai.edu.cn
http://english.nankai.edu.cn/
http://international.nankai.edu.cn/lhjpk/index.asp
http://careers.nankai.edu.cn/
http://news.nankai.edu.cn/nkyw/system/2016/11/05/000303274.shtml
http://ibs.nankai.edu.cn/n/3164.html
http://news.nankai.edu.cn/nkyw/system/2016/10/22/000300680.shtml
http://news.nankai.edu.cn/nkyw/system/2016/09/22/000296857.shtml
http://career.nankai.edu.cn/Home/News/content?id=440
http://graduate.nankai.edu.cn/
http://zbbhq.nankai.edu.cn
http://zbbsp.nankai.edu.cn
http://news.nankai.edu.cn/nkyw/
http://news.nankai.edu.cn/nkyw/system/2016/12/30/000313215.shtml
http://news.nankai.edu.cn/nkyw/system/2016/12/30/000313235.shtml
http://news.nankai.edu.cn/nkyw/system/2016/12/30/000313274.shtml
http://news.nankai.edu.cn/nkyw/system/2016/12/30/000313234.shtml
http://news.nankai.edu.cn/xwzt/system/2016/12/30/000313294.shtml
http://news.nankai.edu.cn/mtnk/system/2016/12/30/000313314.shtml
http://news.nankai.edu.cn/zhxw/system/2016/12/30/000313374.shtml
http://news.nankai.edu.cn/nkyw/system/2016/12/29/000313194.shtml
http://news.nankai.edu.cn/nkyw/system/2016/12/29/000313174.shtml
http://news.nankai.edu.cn/qqxy/system/2016/12/29/000313195.shtml
http://news.nankai.edu.cn/zhxw/system/2016/12/29/000313196.shtml
http://news.nankai.edu.cn/zhxw/system/2016/12/28/000313018.shtml
http://news.nankai.edu.cn/zhxw/system/2016/12/29/000313074.shtml
http://news.nankai.edu.cn/zhxw/system/2016/12/29/000313075.shtml
http://news.nankai.edu.cn/zhxw/system/2016/12/29/000313154.shtml
http://news.nankai.edu.cn/zhxw/system/2016/12/29/000313155.shtml
http://nkjd.nankai.edu.cn
http://hqfw.nankai.edu.cn/
http://news.nankai.edu.cn/mtnk/
http://news.nankai.edu.cn/mtnk/system/2017/01/06/000314197.shtml
http://news.nankai.edu.cn/mtnk/system/2017/01/06/000314201.shtml
http://news.nankai.edu.cn/mtnk/system/2017/01/06/000314202.shtml
http://news.nankai.edu.cn/mtnk/system/2017/01/06/000314204.shtml
http://news.nankai.edu.cn/mtnk/system/2017/01/06/000314196.shtml
http://news.nankai.edu.cn/mtnk/system/2017/01/06/000314205.shtml
http://news.nankai.edu.cn/mtnk/system/2017/01/06/000314194.shtml
http://news.nankai.edu.cn/mtnk/system/2017/01/05/000313977.shtml
http://news.nankai.edu.cn/mtnk/system/2017/01/05/000313976.shtml
http://news.nankai.edu.cn/mtnk/system/2017/01/05/000313975.shtml
http://news.nankai.edu.cn/mtnk/system/2017/01/05/000314035.shtml
http://news.nankai.edu.cn/mtnk/system/2017/01/04/000313860.shtml
http://news.nankai.edu.cn/mtnk/system/2017/01/04/000313834.shtml
http://news.nankai.edu.cn/mtnk/system/2017/01/04/000313878.shtml
http://news.nankai.edu.cn/mtnk/system/2017/01/04/000313863.shtml
http://news.nankai.edu.cn/mtnk/system/2017/01/04/000313877.shtml
http://news.nankai.edu.cn/mtnk/system/2017/01/04/000313858.shtml
http://news.nankai.edu.cn/mtnk/system/2017/01/04/000313864.shtml
http://news.nankai.edu.cn/mtnk/system/2017/01/04/000313859.shtml
http://news.nankai.edu.cn/mtnk/system/2017/01/04/000313857.shtml
http://news.nankai.edu.cn/mtnk/system/2017/01/04/000313865.shtml
http://news.nankai.edu.cn/mtnk/system/2017/01/04/000313874.shtml
http://news.nankai.edu.cn/mtnk/system/2017/01/04/000313875.shtml
http://news.nankai.edu.cn/mtnk/system/2017/01/03/000313815.shtml
http://news.nankai.edu.cn/mtnk/system/2017/01/03/000313779.shtml
http://news.nankai.edu.cn/mtnk/system/2017/01/03/000313734.shtml
http://news.nankai.edu.cn/mtnk/system/2017/01/03/000313676.shtml
http://news.nankai.edu.cn/mtnk/system/2017/01/03/000313677.shtml
http://news.nankai.edu.cn/mtnk/system/2017/01/03/000313654.shtml
http://news.nankai.edu.cn/mtnk/system/2017/01/03/000313655.shtml
http://news.nankai.edu.cn/mtnk/system/2017/01/02/000313576.shtml
http://news.nankai.edu.cn/mtnk/system/2017/01/02/000313575.shtml
http://news.nankai.edu.cn/mtnk/system/2017/01/02/000313574.shtml
http://news.nankai.edu.cn/mtnk/system/2016/12/31/000313494.shtml
http://news.nankai.edu.cn/mtnk/system/2016/12/31/000313495.shtml
http://news.nankai.edu.cn/mtnk/system/2016/12/29/000313096.shtml
http://news.nankai.edu.cn/mtnk/system/2016/12/29/000313095.shtml
http://news.nankai.edu.cn/mtnk/system/2016/12/29/000313076.shtml
http://news.nankai.edu.cn/mtnk/system/2016/12/29/000313139.shtml
http://news.nankai.edu.cn/mtnk/system/2016/12/29/000313137.shtml
http://news.nankai.edu.cn/mtnk/system/2016/12/28/000312955.shtml
http://news.nankai.edu.cn/mtnk/system/2016/12/28/000312954.shtml
http://news.nankai.edu.cn/mtnk/system/2016/12/28/000312934.shtml
http://news.nankai.edu.cn/mtnk/system/more/10000000/0002/10000000_00000287.shtml
http://news.nankai.edu.cn/nkyw/system/2017/01/01/000313534.shtml
http://news.nankai.edu.cn/nkyw/system/2017/01/01/000313554.shtml
http://news.nankai.edu.cn/nkyw/system/2017/01/02/000313634.shtml
http://news.nankai.edu.cn/nkyw/system/2017/01/02/000313616.shtml
http://news.nankai.edu.cn/zhxw/system/2017/01/02/000313615.shtml
http://news.nankai.edu.cn/zhxw/system/2017/01/02/000313594.shtml
http://news.nankai.edu.cn/zhxw/system/2017/01/02/000313617.shtml
http:// http://news.nankai.edu.cn/video/0/00/24/23/242324_924048.mp4 
http://news.nankai.edu.cn/video/0/00/24/11/241144_060262.mp4
http://news.nankai.edu.cn/video/0/00/24/07/240784_974268.mp4
http://news.nankai.edu.cn/video/0/00/24/02/240284_755676.mp4
http://news.nankai.edu.cn/video/0/00/23/98/239844_628527.mp4
http://  http://news.nankai.edu.cn/video/0/00/23/93/239324_817786.mp4 
http://news.nankai.edu.cn/video/0/00/23/87/238724_791559.mp4
http://news.nankai.edu.cn/video/0/00/23/81/238144_277589.mp4
http://news.nankai.edu.cn/video/0/00/23/76/237664_810473.mp4
http://news.nankai.edu.cn/video/0/00/23/72/237284_880857.mp4
http://news.nankai.edu.cn/video/0/00/23/67/236784_557110.mp4 
http://news.nankai.edu.cn/video/0/00/23/62/236244_810402.mp4 
http://news.nankai.edu.cn/video/0/00/23/53/235345_426245.mp4 
http://news.nankai.edu.cn/video/0/00/23/46/234624_906510.mp4
http://news.nankai.edu.cn/video/0/00/23/44/234484_234520.mp4
http://news.nankai.edu.cn/video/0/00/23/33/233368_477566.mp4
http://news.nankai.edu.cn/video/0/00/23/26/232684_360977.mp4 
http://news.nankai.edu.cn/video/0/00/23/20/232084_401828.mp4
http://news.nankai.edu.cn/video/0/00/23/14/231484_441894.mp4
http://news.nankai.edu.cn/video/0/00/23/11/231165_946248.mp4
http://news.nankai.edu.cn/video/0/00/23/05/230565_931033.mp4
http://news.nankai.edu.cn/video/0/00/22/98/229867_981458.mp4
http://news.nankai.edu.cn/video/0/00/22/93/229304_661645.mp4
http://news.nankai.edu.cn/video/0/00/22/90/229085_997971.mp4
http://news.nankai.edu.cn/video/0/00/22/91/229164_865882.mp4
http://news.nankai.edu.cn/video/0/00/22/92/229205_775569.mp4
http://news.nankai.edu.cn/video/0/00/22/92/229206_112146.mp4
http://news.nankai.edu.cn/video/0/00/22/92/229208_856891.mp4
http://news.nankai.edu.cn/video/0/00/22/92/229209_029205.mp4
